Base path: K:/Badar/Unity/Editor/Data
Pipe name: \\.\pipe\UnityShaderCompiler-32bit-1-1180
Cmd: getPlatforms
Cmd: compileSnippet
  api=1 type=0 insize=541 outsize=832 kw=SHADOWS_DEPTH ok=1
Cmd: compileSnippet
  api=1 type=1 insize=541 outsize=61 kw=SHADOWS_DEPTH ok=1
Cmd: compileSnippet
  api=1 type=0 insize=6810 outsize=580 kw=DIRECTIONAL SHADOWS_OFF LIGHTMAP_OFF DIRLIGHTMAP_OFF DYNAMICLIGHTMAP_OFF ok=1
Cmd: compileSnippet
  api=1 type=1 insize=6810 outsize=263 kw=DIRECTIONAL SHADOWS_OFF LIGHTMAP_OFF DIRLIGHTMAP_OFF DYNAMICLIGHTMAP_OFF ok=1
Cmd: compileSnippet
  api=1 type=0 insize=3647 outsize=339 kw=POINT ok=1
Cmd: compileSnippet
  api=1 type=1 insize=3647 outsize=428 kw=POINT ok=1
Cmd: compileSnippet
  api=1 type=0 insize=1051 outsize=240 kw= ok=1
Cmd: compileSnippet
  api=1 type=1 insize=1051 outsize=159 kw= ok=1
Cmd: compileSnippet
  api=1 type=0 insize=1089 outsize=253 kw= ok=1
Cmd: compileSnippet
  api=1 type=1 insize=1089 outsize=180 kw= ok=1
Cmd: compileSnippet
  api=1 type=0 insize=3647 outsize=339 kw=DIRECTIONAL ok=1
Cmd: compileSnippet
  api=1 type=1 insize=3647 outsize=223 kw=DIRECTIONAL ok=1
Cmd: compileSnippet
  api=1 type=0 insize=1329 outsize=495 kw= ok=1
Cmd: compileSnippet
  api=1 type=1 insize=1329 outsize=240 kw= ok=1
Cmd: compileSnippet
  api=1 type=0 insize=1325 outsize=495 kw= ok=1
Cmd: compileSnippet
  api=1 type=1 insize=1325 outsize=240 kw= ok=1
Cmd: compileSnippet
  api=1 type=0 insize=1325 outsize=495 kw= ok=1
Cmd: compileSnippet
  api=1 type=1 insize=1325 outsize=240 kw= ok=1
Cmd: compileSnippet
  api=1 type=0 insize=1329 outsize=495 kw= ok=1
Cmd: compileSnippet
  api=1 type=1 insize=1329 outsize=240 kw= ok=1
Cmd: compileSnippet
  api=1 type=0 insize=1317 outsize=495 kw= ok=1
Cmd: compileSnippet
  api=1 type=1 insize=1317 outsize=240 kw= ok=1
Cmd: compileSnippet
  api=1 type=0 insize=1327 outsize=495 kw= ok=1
Cmd: compileSnippet
  api=1 type=1 insize=1327 outsize=240 kw= ok=1
Cmd: compileSnippet
  api=1 type=0 insize=2066 outsize=252 kw= ok=1
Cmd: compileSnippet
  api=1 type=1 insize=2066 outsize=240 kw= ok=1
Cmd: compileSnippet
  api=1 type=0 insize=1040 outsize=131 kw= ok=1
Cmd: compileSnippet
  api=1 type=1 insize=1040 outsize=199 kw= ok=1
Cmd: compileSnippet
  api=1 type=0 insize=1756 outsize=331 kw= ok=1
Cmd: compileSnippet
  api=1 type=1 insize=1756 outsize=681 kw= ok=1
Cmd: compileSnippet
  api=1 type=0 insize=2053 outsize=258 kw= ok=1
Cmd: compileSnippet
  api=1 type=1 insize=2053 outsize=121 kw= ok=1
Cmd: compileSnippet
  api=1 type=0 insize=3272 outsize=131 kw= ok=1
Cmd: compileSnippet
  api=1 type=1 insize=3272 outsize=323 kw= ok=1
Cmd: compileSnippet
  api=1 type=0 insize=1402 outsize=291 kw= ok=1
Cmd: compileSnippet
  api=1 type=1 insize=1402 outsize=494 kw= ok=1
Cmd: compileSnippet
  api=1 type=0 insize=1303 outsize=258 kw= ok=1
Cmd: compileSnippet
  api=1 type=1 insize=1303 outsize=335 kw= ok=1
Cmd: compileSnippet
  api=1 type=0 insize=3270 outsize=131 kw= ok=1
Cmd: compileSnippet
  api=1 type=1 insize=3270 outsize=317 kw= ok=1
